0 info it worked if it ends with ok
1 verbose cli [ '/usr/bin/nodejs', '/usr/bin/npm', 'run', 'build' ]
2 info using npm@3.5.2
3 info using node@v4.2.6
4 verbose run-script [ 'prebuild', 'build', 'postbuild' ]
5 info lifecycle react-playlist@1.0.0~prebuild: react-playlist@1.0.0
6 silly lifecycle react-playlist@1.0.0~prebuild: no script for prebuild, continuing
7 info lifecycle react-playlist@1.0.0~build: react-playlist@1.0.0
8 verbose lifecycle react-playlist@1.0.0~build: unsafe-perm in lifecycle true
9 verbose lifecycle react-playlist@1.0.0~build: PATH: /usr/share/npm/bin/node-gyp-bin:/media/badass/Stuff/work/react/test/node_modules/.bin:/home/badass/bin:/home/badass/.local/bin:/usr/local/sbin:/usr/local/bin:/usr/sbin:/usr/bin:/sbin:/bin:/usr/games:/usr/local/games
10 verbose lifecycle react-playlist@1.0.0~build: CWD: /media/badass/Stuff/work/react/test
11 silly lifecycle react-playlist@1.0.0~build: Args: [ '-c',
11 silly lifecycle   'webpack -d && webpack-dev-server --content-base src/ --inline --hot --port 1234 --history-api-fallback' ]
12 info lifecycle react-playlist@1.0.0~build: Failed to exec build script
13 verbose stack Error: react-playlist@1.0.0 build: `webpack -d && webpack-dev-server --content-base src/ --inline --hot --port 1234 --history-api-fallback`
13 verbose stack spawn ENOENT
13 verbose stack     at ChildProcess.<anonymous> (/usr/share/npm/lib/utils/spawn.js:17:16)
13 verbose stack     at emitTwo (events.js:87:13)
13 verbose stack     at ChildProcess.emit (events.js:172:7)
13 verbose stack     at maybeClose (internal/child_process.js:821:16)
13 verbose stack     at Process.ChildProcess._handle.onexit (internal/child_process.js:211:5)
14 verbose pkgid react-playlist@1.0.0
15 verbose cwd /media/badass/Stuff/work/react/test
16 error Linux 4.8.0-53-generic
17 error argv "/usr/bin/nodejs" "/usr/bin/npm" "run" "build"
18 error node v4.2.6
19 error npm  v3.5.2
20 error file sh
21 error code ELIFECYCLE
22 error errno ENOENT
23 error syscall spawn
24 error react-playlist@1.0.0 build: `webpack -d && webpack-dev-server --content-base src/ --inline --hot --port 1234 --history-api-fallback`
24 error spawn ENOENT
25 error Failed at the react-playlist@1.0.0 build script 'webpack -d && webpack-dev-server --content-base src/ --inline --hot --port 1234 --history-api-fallback'.
25 error Make sure you have the latest version of node.js and npm installed.
25 error If you do, this is most likely a problem with the react-playlist package,
25 error not with npm itself.
25 error Tell the author that this fails on your system:
25 error     webpack -d && webpack-dev-server --content-base src/ --inline --hot --port 1234 --history-api-fallback
25 error You can get information on how to open an issue for this project with:
25 error     npm bugs react-playlist
25 error Or if that isn't available, you can get their info via:
25 error     npm owner ls react-playlist
25 error There is likely additional logging output above.
26 verbose exit [ 1, true ]
